A51 MACRO ASSEMBLER  AND9SEG                                                              07/19/2018 12:53:26 PAGE     1


MACRO ASSEMBLER A51 V8.00b
OBJECT MODULE PLACED IN AND9seg.OBJ
ASSEMBLER INVOKED BY: C:\Keil\C51\BIN\A51.EXE AND9seg.asm SET(SMALL) DEBUG EP

LOC  OBJ            LINE     SOURCE

                       1     ; AnD for 7+2 display 12Mhz
                       2     ; AnD for 1+7+2 remains. 1 segment is for sign,S,Unstable
                       3     ; stability, unstability and negative sign is needed
                       4     ; units aren't displing correctly.
  FFF4                 5     BAUDNUM         equ -12d ;for 11.0592MHz xtal
  REG                  6     POINTER         equ r0 ;RAM pointer at top of RAM
  REG                  7     TEMPPTR         equ r1
  REG                  8     COUNTER         equ r2 ;counter
  REG                  9     TEMPCOUNTER     equ     r3
  REG                 10     TEMP            equ r4
  0009                11     MAX             equ 09h ;| +| 0| 0| 0| 0| 0| .| 0| 0|  |  | g|
  000F                12     serialMAX       equ 0Fh
  0030                13     serialRAM       equ 30h ;base address of RAM
  0040                14     displayRAM      equ     40h
  0020                15     FLAG            bit 20h
  000A                16     MARKER          equ 0Ah ; Line Feed
0000                  17     org 0000h
0000 219E             18             jmp main
0002                  19     timer0:
000B                  20     org 000Bh
000B 31C6             21             acall displayfxn
000D 32               22             reti
000E                  23     serial:                                            
0023                  24     org 0023H
0023 1126             25             call updateRAM; OK
0025 32               26             reti
0026                  27     updateRAM: 
0026 C0D0             28             push psw
0028 C0E0             29             push 0e0h
002A D2D3             30             setb rs0 ;BANK-3
002C D2D4             31             setb rs1 ;BANK-3
                      32             ;------fetch the received byte-------
002E C298             33             clr ri
0030 E599             34             mov a,sbuf
0032 547F             35             anl a,#7fh ;ignore MSB, since MSB is pairity;7bit-UART
                      36             ;------------------------------
0034 B40A08           37             cjne a,#MARKER,PUSHinRAM 
0037 D220             38                     setb FLAG
0039 7A00             39                     mov COUNTER,#00h
003B 7830             40                     mov POINTER,#serialRAM
003D 8063             41                     jmp exit0
                      42                     ;----------Fill the RAM-------------
                      43                     ;|30|31|32|33|34|35|36|37|38|39|3A|3B|3C|3D|3E|3F |                        
                                  
                      44                     ;|S | T| ,| +| 0| 0| 0| 0| 0| .| 0| 0|  |  | g| CR|LF|
003F                  45                     PUSHinRAM:
003F 302060           46                     jnb FLAG,exit0
0042 F6               47                             mov @POINTER,a ;PUSHED
0043 08               48                             inc POINTER
0044 0A               49                             inc COUNTER
                      50                     ;------entred in RAM--------exit serial----------
0045 BA0F5A           51                     cjne COUNTER,#serialMAX,exit0
                      52                     ;-----------all entries has been made in RAM--------------      
0048 C220             53                                     clr             FLAG
004A 900243           54                                     mov dptr,#digits                        
004D 11A7             55                                     acall common
004F AC3E             56                                     mov TEMP,3Eh    ;last letter g/C/%
0051 E53D             57                                     mov a,3Dh               ;second last letter
A51 MACRO ASSEMBLER  AND9SEG                                                              07/19/2018 12:53:26 PAGE     2

0053 2C               58                                     add a,TEMP
0054 FC               59                                     mov TEMP,a
                      60     
0055 BC8704           61                                     cjne TEMP,#87h, notgrams;ASCII '\b'+'g' = 0x87
0058 11BA             62                                             call gram
005A 8046             63                                             jmp exit0
005C                  64                             notgrams:
005C BC9304           65                                             cjne TEMP,#93h,notPCS ;pieces ASCII 'P'+'C'=93
005F 11DF             66                                             call PCS
0061 803F             67                                             jmp exit0
0063                  68                             notPCS:
0063 BC4504           69                                             cjne TEMP,#45h,notPERCENT
0066 3101             70                                             call PERCENT
0068 8038             71                                             jmp exit0
006A                  72                             notPERCENT:
006A BCE904           73                                             cjne    TEMP,#0E9h,notOZ
006D 3126             74                                             call OZ
006F 8031             75                                             jmp exit0
0071                  76                             notOZ:
0071 BCCE04           77                                             cjne TEMP,#0CEh,notLB
0074 314B             78                                             call LB
0076 802A             79                                             jmp exit0
0078                  80                             notLB:
0078 BCEE04           81                                             cjne TEMP,#0EEh,notZT
007B 3126             82                                             call OZ ;ZT is same as OZ
007D 8023             83                                             jmp exit0
007F                  84                             notZT:
007F BCD704           85                                             cjne TEMP,#0D7h,notCT
0082 11BA             86                                             call gram;CT is same as gram
0084 801C             87                                             jmp exit0
0086                  88                             notCT:
0086 BCDC04           89                                             cjne TEMP,#0dch,notOM
0089 3126             90                                             call OZ;OM is same as OZ
008B 8015             91                                             jmp exit0
008D                  92                             notOM:
008D BCEB04           93                                             cjne TEMP,#0ebh,notWT
0090 11BA             94                                             call gram ;WT is same as gram
0092 800E             95                                             jmp exit0
0094                  96                             notWT:
0094 BC9504           97                                             cjne TEMP,#95h,notGN 
0097 3170             98                                             call GN
0099 8007             99                                             jmp exit0
009B                 100                             notGN:
009B BCE004          101                                             cjne TEMP,#0E0h,notTL 
009E 314B            102                                             call LB;TL is same as LB
00A0 8000            103                                             jmp exit0
00A2                 104                             notTL:
00A2 D0E0            105                             exit0:  pop 0E0h
00A4 D0D0            106                                             pop PSW
00A6 22              107                                             ret
00A7                 108             common:  
                     109     ;|+ |36|37|38.|3A|3B|
                     110     ;|45|44|43|42 |41|40|
                     111                                     ;-----Sign digit-----------
00A7 E533            112                                     mov a,33h
                     113                                     ;mov 45h,#0ffh
00A9 B42D00          114                                     cjne a,#'-',positive
                     115                                     ;mov 45h,#0fbH
00AC                 116                                     positive:;do nothing
00AC 7934            117                                             MOV     TEMPPTR,#34h
00AE 7B08            118                                             MOV     TEMPCOUNTER,#08h
                     119                     ;Map ASCII digits to display digits
00B0 E7              120                     mapping:        mov     a,@TEMPPTR
00B1 C3              121                                             clr             C
00B2 9430            122                                             subb    a,#'0'
00B4 93              123                                             movc    a,@a+dptr ;dptr is defined in main
A51 MACRO ASSEMBLER  AND9SEG                                                              07/19/2018 12:53:26 PAGE     3

00B5 F7              124                                             mov     @TEMPPTR,a
00B6 09              125                                             inc     TEMPPTR
00B7 DBF7            126                                             djnz    TEMPCOUNTER,mapping
00B9 22              127             RET;common
                     128     
00BA                 129                                     gram:
00BA 754726          130                                             mov             47h,#26h        ;Gra
00BD 7548FF          131                                             mov             48h,#0FFh       ;null
00C0 853B46          132                                             mov     46h,3Bh
00C3 853A45          133                                             mov             45h,3Ah
00C6 853844          134                                             mov     44h,38h
00C9 5344FB          135                                             anl             44h,#0FBh       ;39 is decimal;P0.2
                              -> h
00CC 853743          136                                             mov             43h,37h
00CF 853642          137                                             mov             42h,36h
00D2 853541          138                                             mov     41h,35h         ;2nd 7-seg from left
00D5 853440          139                                             mov     40h,34h
00D8 7C04            140                                             mov TEMP,#04h   ;mask 48h,47h,46h,45h if required
00DA 7940            141                                             mov TEMPPTR,#40h
00DC 3194            142                                             call maskzeros
00DE 22              143                                     ret;gram                        
00DF                 144                                     PCS:
00DF 7547A1          145                                             mov             47h,#0A1h       ;P
00E2 754827          146                                             mov             48h,#27h        ;C
00E5 853B46          147                                             mov     46h,3Bh
00E8 853A45          148                                             mov             45h,3Ah
00EB 853844          149                                             mov     44h,38h
00EE 853743          150                                             mov             43h,37h
00F1 853642          151                                             mov             42h,36h
00F4 853541          152                                             mov     41h,35h         ;2nd 7-seg from left
00F7 853440          153                                             mov     40h,34h
00FA 7C06            154                                             mov TEMP,#06h   ;mask 48h,47h,46h,45h if required
00FC 7940            155                                             mov TEMPPTR,#40h
00FE 3194            156                                             call maskzeros
0100 22              157                                     ret;PCS 
0101                 158                                     PERCENT:
0101 7547A1          159                                             mov             47h,#0A1h       ;P
0104 7548F3          160                                             mov             48h,#0F3h       ;r
0107 853B46          161                                             mov     46h,3Bh
010A 853945          162                                             mov             45h,39h
010D 5345FB          163                                             anl             45h,#0FBh
0110 853844          164                                             mov     44h,38h
0113 853743          165                                             mov             43h,37h
0116 853642          166                                             mov             42h,36h
0119 853541          167                                             mov     41h,35h         ;2nd 7-seg from left
011C 853440          168                                             mov     40h,34h
011F 7C05            169                                             mov TEMP,#05h   ;mask 48h,47h,46h,45h if required
0121 7940            170                                             mov TEMPPTR,#40h
0123 3194            171                                             call maskzeros
0125 22              172                                     ret;PERCENT
0126                 173                                     OZ:
0126 754726          174                                             mov             47h,#26h        ;o
0129 7548F2          175                                             mov             48h,#0F2h       ;z
012C 853B46          176                                             mov     46h,3Bh
012F 853A45          177                                             mov             45h,3Ah
0132 853944          178                                             mov     44h,39h
0135 853743          179                                             mov             43h,37h
0138 5343FB          180                                             anl             43h,#0FBh       ;39 is decimal;P0.2
                              -> h
013B 853642          181                                             mov             42h,36h
013E 853541          182                                             mov     41h,35h         ;2nd 7-seg from left
0141 853440          183                                             mov     40h,34h
0144 7C03            184                                             mov TEMP,#03h   ;mask 48h,47h,46h,45h if required
0146 7940            185                                             mov TEMPPTR,#40h
0148 3194            186                                             call maskzeros
014A 22              187                                     ret;OZ
A51 MACRO ASSEMBLER  AND9SEG                                                              07/19/2018 12:53:26 PAGE     4

014B                 188                                     LB:
014B 754726          189                                             mov             47h,#26h        ;o
014E 7548F2          190                                             mov             48h,#0F2h       ;z
0151 853B46          191                                             mov     46h,3Bh
0154 853A45          192                                             mov             45h,3Ah
0157 853944          193                                             mov     44h,39h
015A 853843          194                                             mov             43h,38h
015D 853642          195                                             mov             42h,36h
0160 5342FB          196                                             anl             42h,#0FBh       ;39 is decimal;P0.2
                              -> h
0163 853541          197                                             mov     41h,35h         ;2nd 7-seg from left
0166 853440          198                                             mov     40h,34h
0169 7C02            199                                             mov TEMP,#02h   ;mask 48h,47h,46h,45h if required
016B 7940            200                                             mov TEMPPTR,#40h
016D 3194            201                                             call maskzeros
016F 22              202                                     ret;LB
0170                 203                                     GN:
0170 754726          204                                             mov             47h,#26h        ;o
0173 7548F2          205                                             mov             48h,#0F2h       ;z
0176 853B46          206                                             mov     46h,3Bh
0179 853945          207                                             mov             45h,39h
017C 5345FB          208                                             anl             45h,#0FBh
017F 853844          209                                             mov     44h,38H         ;2nd 7-seg from left
0182 853743          210                                             mov     43h,37H         ;3rd
0185 853642          211                                             mov     42h,36H         ;4th
0188 853541          212                                             mov     41h,35h         ;5th
018B 853440          213                                             mov     40h,34h         ;6th
018E 7C05            214                                             mov TEMP,#05h           ;mask 44h,43h,42h,41h if re
                             quired
0190 7940            215                                             mov TEMPPTR,#40h
0192 3194            216                                             call maskzeros
                     217     
0194                 218                                                     maskzeros:
0194 E7              219                                                             mov a,@TEMPPTR
0195 B42405          220                                                             cjne a,#24h, quitmasking;otherwise 
                             mask
0198 77FF            221                                                             mov @TEMPPTR,#0ffh
019A 09              222                                                             inc     TEMPPTR 
019B DCF7            223                                                             djnz TEMP,maskzeros
019D                 224                                                     quitmasking:
019D 22              225                                                     ret;maskzeros
                     226     ;=============MAIN==============================================
019E                 227     main:
                     228     ;setb ip.4 ; priority to serial
019E 75815F          229             mov sp,#5fh ;Stack starts from 0x60
01A1 C220            230             clr FLAG ;clear flag bit
01A3 53877F          231             anl pcon,#7fh ;set SMOD=0 ie devide by 32
01A6 438922          232             orl tmod,#22h ;time-1 mode-2 for serial; timer-0 mode2 for display
01A9 758C00          233             mov th0,#00h ;count 256
01AC D28C            234             setb tr0
01AE 758DF4          235             mov th1,#BAUDNUM
01B1 D28E            236             setb tr1
01B3 759850          237             mov scon,#50h ;serial mode-2, REN=1
01B6 43A892          238             orl ie,#92h ;enable global-0x80 serial-0x10 & T0-0x02 interrupts
01B9 751040          239             MOV 10h,#displayRAM ;bank-2 pointer     R0
01BC 751830          240             MOV 18h,#serialRAM ;bank-3 pointer      R0
01BF 511C            241             call helloworld ;initialize RAM with "HELLO"
01C1 900243          242             mov dptr,#digits
01C4 80FE            243     wait: sjmp wait
                     244     ;===============Display Digits Bank-2====================
01C6                 245     displayfxn:
01C6 C0D0            246             push psw
01C8 D2D4            247             setb RS1 ;Bank-2
01CA C2D3            248             clr RS0 ;Bank-2
01CC 31DC            249             call transistorselect ;transistor(COUNTER)
01CE 8680            250             mov p0,@POINTER ;pointer of display RAM
A51 MACRO ASSEMBLER  AND9SEG                                                              07/19/2018 12:53:26 PAGE     5

01D0 0A              251             inc COUNTER
01D1 08              252             inc POINTER
01D2 BA0904          253             cjne counter,#MAX,exitdisplayfxn;DIGITS has  letters + NULL
01D5 7840            254                     mov POINTER,#displayRAM
01D7 7A00            255                     mov counter,#00h
01D9                 256             exitdisplayfxn:
01D9 D0D0            257             pop psw
01DB 22              258             ret
01DC                 259     transistorselect:
                     260             ;bit addressable Port3 |0xB7|----|0x0B5|0x0B4|0x0B3|0x0B2|0x0B1|----|
01DC 43A0FF          261             orl     p2,#0ffh;turn off T0-T6 large segments
01DF D2B6            262             setb    p3.6    ;turn off T7 small segment
01E1 D2B7            263             setb    p3.7    ;turn off T8 small segment
01E3 7580FF          264             mov p0,#0ffh ;turn off all LEDs
                     265             ;       least significant digit
01E6 BA0003          266             transistor0: cjne COUNTER,#00h,transistor1
01E9 C2A6            267                     clr 0A6h ;Seg-1 Turned On CLR P2.6              Most
01EB 22              268                     ret
01EC BA0103          269             transistor1: cjne COUNTER,#01h,transistor2
01EF C2A5            270                     clr 0A5h ;Seg-2 Turned On CLR P2.5
01F1 22              271                     ret
01F2 BA0203          272             transistor2: cjne COUNTER,#02h,transistor3
01F5 C2A4            273                     clr 0A4h ;Seg-3 Turned On CLR P2.4
01F7 22              274                     ret
01F8 BA0303          275             transistor3: cjne COUNTER,#03h,transistor4
01FB C2A3            276                     clr 0A3h ;Seg-4 Turned On CLR P2.3
01FD 22              277                     ret
01FE BA0403          278             transistor4: cjne COUNTER,#04h,transistor5
0201 C2A2            279                     clr 0A2h ;Seg-5 Turned On CLR P2.2
0203 22              280                     ret
0204 BA0503          281             transistor5: cjne COUNTER,#05h,transistor6
0207 C2A1            282                     clr 0A1h ;Seg-0 Turned On CLR P2.1
0209 22              283                     ret
020A BA0603          284             transistor6: cjne COUNTER,#06h,transistor7
020D C2A0            285                     clr 0A0h ;Seg-0 Turned On CLR P2.0      
020F 22              286                     ret
0210 BA0703          287             transistor7: cjne COUNTER,#07h,transistor8
0213 C2B6            288                     clr 0B6h ;Seg-0 Turned On CLR P3.6
0215 22              289                     ret
0216 BA0802          290             transistor8: cjne COUNTER,#08h,testfailed
0219 C2B7            291                     clr 0B7h ;Seg-0 Turned On CLR P3.7              Least
021B 22              292             testfailed:ret
                     293     ;================= initialize RAM with HELLO=======================
021C                 294     helloworld:
021C C0D0            295             PUSH PSW ;save RS0,RS1 ie BANK-x
021E C2D3            296             CLR RS0 ;bank-0
0220 C2D4            297             CLR RS1 ;bank-0
0222 7840            298             MOV POINTER,#displayRAM ;40h
0224 7646            299             mov @POINTER,#46h       ;T1 =@48h <-H
0226 08              300             inc POINTER
0227 7685            301             mov @POINTER,#85h       ;T2c=@47h <-E
0229 08              302             inc POINTER
022A 76E5            303             mov @POINTER,#0E5h      ;T4=@45h <-L
022C 08              304             inc POINTER
022D 76E5            305             mov @POINTER,#0E5h      ;T3=@46h <-L
022F 08              306             inc POINTER
0230 7620            307             mov @POINTER,#20h       ;T5=@44h <- O. New format
0232 08              308             inc POINTER
0233 76FF            309             mov @POINTER,#0FFH      ;T9=@40h <-Null Tiny segment1
0235 08              310             inc POINTER
0236 76FF            311             mov @POINTER,#0FFH      ;T8=@41h <-Null Tiny segment2
0238 08              312             inc POINTER
0239 76FF            313             mov @POINTER,#0FFH      ;T7=@42h <-Null
023B 08              314             inc POINTER
023C 76FF            315             mov @POINTER,#0FFH      ;T6=@43h <-Null
023E 7840            316             mov POINTER,#displayRAM
A51 MACRO ASSEMBLER  AND9SEG                                                              07/19/2018 12:53:26 PAGE     6

0240 D0D0            317             POP PSW
0242 22              318             RET
                     319     ;==================Lookup Table====================================
0243 247E151C        320     digits:DB 24h,7Eh,15h,1Ch,4Eh,8Ch,84h,3Eh,04h,0Ch;0,1,2,. . .9 ACTIVE LOW
0247 4E8C843E                
024B 040C                    
024D 7FFDFBF7        321     transistor:DB 7fh,0fdh,0fbh,0f7h,0efh,0dfh;T1,T2,T3,T4,T5,T6 ACTIVE LOW
0251 EFDF                    
                     322     end
A51 MACRO ASSEMBLER  AND9SEG                                                              07/19/2018 12:53:26 PAGE     7

SYMBOL TABLE LISTING
------ ----- -------


N A M E             T Y P E  V A L U E   ATTRIBUTES

BAUDNUM. . . . . .  N NUMB   FFF4H   A   
COMMON . . . . . .  C ADDR   00A7H   A   
COUNTER. . . . . .    REG    R2          
DIGITS . . . . . .  C ADDR   0243H   A   
DISPLAYFXN . . . .  C ADDR   01C6H   A   
DISPLAYRAM . . . .  N NUMB   0040H   A   
EXIT0. . . . . . .  C ADDR   00A2H   A   
EXITDISPLAYFXN . .  C ADDR   01D9H   A   
FLAG . . . . . . .  B ADDR   0024H.0 A   
GN . . . . . . . .  C ADDR   0170H   A   
GRAM . . . . . . .  C ADDR   00BAH   A   
HELLOWORLD . . . .  C ADDR   021CH   A   
IE . . . . . . . .  D ADDR   00A8H   A   
LB . . . . . . . .  C ADDR   014BH   A   
MAIN . . . . . . .  C ADDR   019EH   A   
MAPPING. . . . . .  C ADDR   00B0H   A   
MARKER . . . . . .  N NUMB   000AH   A   
MASKZEROS. . . . .  C ADDR   0194H   A   
MAX. . . . . . . .  N NUMB   0009H   A   
NOTCT. . . . . . .  C ADDR   0086H   A   
NOTGN. . . . . . .  C ADDR   009BH   A   
NOTGRAMS . . . . .  C ADDR   005CH   A   
NOTLB. . . . . . .  C ADDR   0078H   A   
NOTOM. . . . . . .  C ADDR   008DH   A   
NOTOZ. . . . . . .  C ADDR   0071H   A   
NOTPCS . . . . . .  C ADDR   0063H   A   
NOTPERCENT . . . .  C ADDR   006AH   A   
NOTTL. . . . . . .  C ADDR   00A2H   A   
NOTWT. . . . . . .  C ADDR   0094H   A   
NOTZT. . . . . . .  C ADDR   007FH   A   
OZ . . . . . . . .  C ADDR   0126H   A   
P0 . . . . . . . .  D ADDR   0080H   A   
P2 . . . . . . . .  D ADDR   00A0H   A   
P3 . . . . . . . .  D ADDR   00B0H   A   
PCON . . . . . . .  D ADDR   0087H   A   
PCS. . . . . . . .  C ADDR   00DFH   A   
PERCENT. . . . . .  C ADDR   0101H   A   
POINTER. . . . . .    REG    R0          
POSITIVE . . . . .  C ADDR   00ACH   A   
PSW. . . . . . . .  D ADDR   00D0H   A   
PUSHINRAM. . . . .  C ADDR   003FH   A   
QUITMASKING. . . .  C ADDR   019DH   A   
RI . . . . . . . .  B ADDR   0098H.0 A   
RS0. . . . . . . .  B ADDR   00D0H.3 A   
RS1. . . . . . . .  B ADDR   00D0H.4 A   
SBUF . . . . . . .  D ADDR   0099H   A   
SCON . . . . . . .  D ADDR   0098H   A   
SERIAL . . . . . .  C ADDR   000EH   A   
SERIALMAX. . . . .  N NUMB   000FH   A   
SERIALRAM. . . . .  N NUMB   0030H   A   
SP . . . . . . . .  D ADDR   0081H   A   
TEMP . . . . . . .    REG    R4          
TEMPCOUNTER. . . .    REG    R3          
TEMPPTR. . . . . .    REG    R1          
TESTFAILED . . . .  C ADDR   021BH   A   
TH0. . . . . . . .  D ADDR   008CH   A   
TH1. . . . . . . .  D ADDR   008DH   A   
TIMER0 . . . . . .  C ADDR   0002H   A   
TMOD . . . . . . .  D ADDR   0089H   A   
TR0. . . . . . . .  B ADDR   0088H.4 A   
A51 MACRO ASSEMBLER  AND9SEG                                                              07/19/2018 12:53:26 PAGE     8

TR1. . . . . . . .  B ADDR   0088H.6 A   
TRANSISTOR . . . .  C ADDR   024DH   A   
TRANSISTOR0. . . .  C ADDR   01E6H   A   
TRANSISTOR1. . . .  C ADDR   01ECH   A   
TRANSISTOR2. . . .  C ADDR   01F2H   A   
TRANSISTOR3. . . .  C ADDR   01F8H   A   
TRANSISTOR4. . . .  C ADDR   01FEH   A   
TRANSISTOR5. . . .  C ADDR   0204H   A   
TRANSISTOR6. . . .  C ADDR   020AH   A   
TRANSISTOR7. . . .  C ADDR   0210H   A   
TRANSISTOR8. . . .  C ADDR   0216H   A   
TRANSISTORSELECT .  C ADDR   01DCH   A   
UPDATERAM. . . . .  C ADDR   0026H   A   
WAIT . . . . . . .  C ADDR   01C4H   A   


REGISTER BANK(S) USED: 0 


ASSEMBLY COMPLETE.  0 WARNING(S), 0 ERROR(S)
