
US,+    0.00  g
US,+    0.00  g
US,+    0.00  g
US,+    0.00  g
US,+    0.00  g
US,+    0.00  g
US,+    0.00  g
US,+    0.00  g
US,+    0.00  g
US,+    0.00  g
US,+    0.00  g
US,+    0.00  g
US,+    0.00  g
US,+    0.00  g
US,+    0.00  g
US,+    0.00  g
US,+    0.00  g
US,+    0.00  g
US,+    0.00  g
US,+    0.00  g
US,+    0.00  g
US,+    0.00  g
US,+    0.00  g
US,+    0.00  g
US,+    0.00  g
US,+    0.00  g
US,+    0.00  g
US,+  000.00  g
US,+  000.00  g
US,+  000.00  g
US,+  000.00  g
US,+  000.00  g
US,+  000.00  g
US,+  000.00  g
US,+  000.00  g
US,+  000.00  g
US,+  000.00  g
US,+  000.00  g
US,+  000.00  g
US,+  000.00  g
US,+  000.00  g
US,+  000.00  g
US,+  000.00  g
US,+  000.00  g
US,+  000.00  g
US,+  000.00  g
US,+  000.00  g
US,+  000.00  g
US,+  000.00  g
US,+  000.00  g
US,+  000.00  g
US,+  000.00  g
US,+  000.00  g
US,+  000.00  g
US,+  000.00  g
US,+  000.00  g
US,+  000.00  g
US,+  000.00  g
US,+  000.00  g
US,+  000.00  g
US,+  000.00  g
US,+  000.00  g
US,+  000.00  g
US,+  000.00  g
US,+  000.00  g
US,+  000.00  g
US,+  000.00  g
US,+  000.00  g
US,+  000.00  g
US,+  000.00  g
US,+  100.00  g
US,+  100.00  g
US,+  100.00  g
US,+  100.00  g
US,+  100.00  g
US,+  100.00  g
US,+  100.00  g
US,+  100.00  g
US,+  100.00  g
US,+  100.00  g
US,+  100.00  g
US,+  100.00  g
US,+  100.00  g
US,+  100.00  g
US,+  100.00  g
US,+  100.00  g
US,+  100.00  g
US,+  100.00  g
US,+  100.00  g
US,+  100.00  g
US,+  100.00  g
US,+  100.00  g
US,+  100.00  g
US,+  100.00  g
US,+  100.00  g
US,+  100.00  g
US,+  100.00  g
US,+  100.00  g
US,+  100.00  g
US,+  100.00  g
US,+  100.00  g
US,+  100.00  g
US,+  100.00  g
US,+  100.00  g
US,+  100.00  g
US,+  100.00  g
US,+  100.00  g
US,+  100.00  g
US,+  100.00  g
US,+  100.00  g
US,+  100.00  g
US,+  100.00  g
US,+  100.00  g
US,+  100.00  g
US,+  000345 PC
US,+  000345 PC
US,+  000345 PC
US,+  000345 PC
US,+  000345 PC
US,+  000345 PC
US,+  000345 PC
US,+  000345 PC
US,+  000345 PC
US,+  000345 PC
US,+  000345 PC
US,+  000345 PC
US,+  000345 PC
US,+  000345 PC
US,+  000345 PC
US,+  000345 PC
US,+  000345 PC
US,+  000345 PC
US,+  000345 PC
US,+  000345 PC
US,+  000345 PC
US,+  000345 PC
US,+  000345 PC
US,+  000345 PC
US,+  000345 PC
US,+  000345 PC
US,+  000345 PC
US,+  000345 PC
US,+  000345 PC
US,+  000345 PC
US,+  000345 PC
US,+  000345 PC
US,+  000345 PC
US,+  000345 PC
US,+  000345 PC
US,+  000345 PC
US,+  000345 PC
US,+  000345 PC
US,+  000345 PC
US,+  012345 PC
US,+  012345 PC
US,+  012345 PC
US,+  012345 PC
US,+  012345 PC
US,+  012345 PC
US,+  012345 PC
US,+  012345 PC
US,+  012345 PC
US,+  012345 PC
US,+  012345 PC
US,+  012345 PC
US,+  012345 PC
US,+  012345 PC
US,+  012345 PC
US,+  012345 PC
US,+  012345 PC
US,+  012345 PC
US,+  012345 PC
US,+  012345 PC
US,+  012345 PC
US,+  012345 PC
US,+  012345 PC
US,+  012345 PC
US,+  012345 PC
US,+  012345 PC
US,+  012345 PC
US,+  012345 PC
ST,-       0 PC
ST,-       0 PC
ST,-       0 PC
ST,-       0 PC
ST,-       0 PC
ST,-       0 PC
ST,-       0 PC
ST,-       0 PC
ST,-       0 PC
ST,-       0 PC
ST,-       0 PC
ST,-       0 PC
ST,-       0 PC
ST,-       0 PC
ST,-       0 PC
ST,-       0 PC
ST,-       0 PC
ST,-       0 PC
ST,-       0 PC
ST,-       0 PC
ST,-       0 PC
ST,-       0 PC
ST,-       0 PC
ST,-       0 PC
ST,-       0 PC
ST,-       0 PC
ST,-       0 PC
ST,-       0 PC
ST,-       0 PC
ST,-       0 PC
ST,-       0 PC
ST,-       0 PC
ST,-       0 PC
ST,-       0 PC
ST,-       0 PC
ST,-       0 PC
ST,-       0 PC
ST,-  067890 PC
ST,-  067890 PC
ST,-  067890 PC
ST,-  067890 PC
ST,-  067890 PC
ST,-  067890 PC
ST,-  067890 PC
ST,-  067890 PC
ST,-  067890 PC
ST,-  067890 PC
ST,-  067890 PC
ST,-  067890 PC
ST,-  067890 PC
ST,-  067890 PC
ST,-  067890 PC
ST,-  067890 PC
ST,-  067890 PC
ST,-  067890 PC
ST,-  067890 PC
ST,-  067890 PC
ST,-  067890 PC
ST,-  067890 PC
ST,-  067890 PC
ST,-  067890 PC
ST,-  067890 PC
ST,-  067890 PC
ST,-  067890 PC
ST,-  067890 PC
ST,-0000.008  g
ST,-0000.008  g
ST,-0000.008  g
ST,-0000.008  g
ST,-0000.008  g
ST,-0000.008  g
ST,-0000.008  g
ST,-0000.008  g
ST,-0000.008  g
ST,-0000.008  g
ST,-0000.008  g
ST,-0000.008  g
ST,-0000.008  g
ST,-0000.008  g
ST,-0000.008  g
ST,-0000.008  g
ST,-0000.008  g
ST,-0000.008  g
ST,-0000.008  g
ST,-0000.008  g
ST,-0000.008  g
ST,-0000.008  g
ST,-0000.008  g
ST,-0000.008  g
ST,-0000.008  g
ST,-0000.008  g
ST,-0000.008  g
ST,-0000.008  g
ST,-0000.008  g
ST,-0000.008  g
ST,-0000.008  g
ST,-0000.008  g
ST,-0000.008  g
ST,-0000.008  g
ST,-0000.008  g
ST,-0000.008  g
ST,-0000.008  g
ST,-0000.008  g
ST,-0000.008  g
ST,-0000.008  g
ST,-0000.008  g
ST,-0000.008  g
ST,-0000.008  g
ST,-0000.008  g
ST,-0000.008  g
ST,-0000.009  g
ST,-0000.009  g
ST,-0000.009  g
ST,-0000.009  g
ST,-0000.009  g
ST,-0000.009  g
ST,-0000.009  g
ST,-0000.009  g
ST,-0000.009  g
ST,-0000.009  g
ST,-0000.009  g
ST,-0000.009  g
ST,-0000.009  g
ST,-0000.009  g
ST,-0000.009  g
ST,-0000.009  g
ST,-0000.009  g
ST,-0000.009  g
ST,-0000.009  g
ST,-0000.009  g
ST,-0000.009  g
ST,-0000.009  g
ST,-0000.009  g
ST,-0000.009  g
ST,-0000.009  g
ST,-0000.009  g
ST,-0000.009  g
ST,-0000.009  g
ST,-0000.009  g
ST,-0000.009  g
ST,-0000.009  g
ST,-0000.009  g
ST,-0000.009  g
ST,-0000.009  g
ST,-0000.009  g
ST,-0000.009  g
ST,-0000.009  g
ST,-0000.009  g
ST,-0000.009  g
ST,-0000.009  g
ST,-0000.010 oz
ST,-0000.010 oz
ST,-0000.010 oz
ST,-0000.010 oz
ST,-0000.010 oz
ST,-0000.010 oz
ST,-0000.010 oz
ST,-0000.010 oz
ST,-0000.010 oz
ST,-0000.010 oz
ST,-0000.010 oz
ST,-0000.010 oz
ST,-0000.010 oz
ST,-0000.010 oz
ST,-0000.010 oz
ST,-0000.010 oz
ST,-0000.010 oz
ST,-0000.010 oz
ST,-0000.010 oz
ST,-0000.010 oz
ST,-0000.010 oz
ST,-0000.010 oz
ST,-0000.010 oz
ST,-0000.010 oz
ST,-0000.010 oz
ST,-0000.010 oz
ST,-0000.010 oz
ST,-0000.010 oz
ST,-0000.010 oz
ST,-0000.010 oz
ST,-0000.010 oz
ST,-0000.010 oz
ST,-0000.010 oz
ST,-0000.010 oz
ST,-0000.010 oz
ST,-0000.010 oz
ST,-0000.010 oz
ST,-0000.010 oz
ST,-0000.010 oz
ST,-0000.010 oz
ST,-0000.010 oz
ST,-0000.010 oz
ST,-0000.010 oz
ST,-0000.010 oz
ST,-0000.010 oz
ST,-0000.010 oz
ST,-0000.010 oz
UT,+000.0011 lb
UT,+000.0011 lb
UT,+000.0011 lb
UT,+000.0011 lb
UT,+000.0011 lb
UT,+000.0011 lb
UT,+000.0011 lb
UT,+000.0011 lb
UT,+000.0011 lb
UT,+000.0011 lb
UT,+000.0011 lb
UT,+000.0011 lb
UT,+000.0011 lb
UT,+000.0011 lb
UT,+000.0011 lb
UT,+000.0011 lb
UT,+000.0011 lb
UT,+000.0011 lb
UT,+000.0011 lb
UT,+000.0011 lb
UT,+000.0011 lb
UT,+000.0011 lb
UT,+000.0011 lb
UT,+000.0011 lb
UT,+000.0011 lb
UT,+000.0011 lb
UT,+000.0011 lb
UT,+000.0011 lb
UT,+000.0011 lb
UT,+000.0011 lb
UT,+000.0011 lb
UT,+000.0011 lb
UT,+000.0011 lb
UT,+000.0011 lb
UT,+000.0011 lb
UT,+000.0011 lb
UT,+000.0044 lb
UT,+000.0044 lb
UT,+000.0044 lb
UT,+000.0044 lb
UT,+000.0044 lb
UT,+000.0044 lb
UT,+000.0044 lb
UT,+000.0044 lb
UT,+000.0044 lb
UT,+000.0044 lb
UT,+000.0044 lb
UT,+000.0044 lb
UT,+000.0044 lb
UT,+000.0044 lb
UT,+000.0044 lb
UT,+000.0044 lb
UT,+000.0044 lb
UT,+000.0044 lb
UT,+000.0044 lb
UT,+000.0044 lb
UT,+000.0044 lb
UT,+000.0044 lb
UT,+000.0044 lb
UT,+000.0044 lb
UT,+000.0044 lb
UT,+000.0044 lb
UT,+000.0044 lb
UT,+000.0044 lb
UT,+000.0044 lb
UT,+000.0044 lb
UT,+000.0044 lb
UT,+000.0044 lb
UT,+001.2345 lb
UT,+001.2345 lb
UT,+001.2345 lb
UT,+001.2345 lb
UT,+001.2345 lb
UT,+001.2345 lb
UT,+001.2345 lb
UT,+001.2345 lb
UT,+001.2345 lb
UT,+001.2345 lb
UT,+001.2345 lb
UT,+001.2345 lb
UT,+001.2345 lb
UT,+001.2345 lb
UT,+001.2345 lb
UT,+001.2345 lb
UT,+001.2345 lb
UT,+001.2345 lb
UT,+001.2345 lb
UT,+001.2345 lb
UT,+001.2345 lb
UT,+001.2345 lb
UT,+001.2345 lb
UT,+001.2345 lb
UT,+001.2345 lb
UT,+001.2345 lb
UT,+001.2345 lb
UT,+001.2345 lb
UT,+001.2345 lb
UT,+001.2345 lb
UT,+001.2345 lb
UT,+001.2345 lb
UT,+001.2345 lb
UT,+001.2345 lb
UT,+001.2345 lb
UT,+001.2345 lb
UT,+001.2345 lb
UT,+001.2345 lb
UT,+001.2345 lb
UT,+001.2345 lb
UT,+001.2345 lb
UT,+001.2345 lb
UT,+001.2345 lb
UT,+001.2345 lb
UT,+001.2345 lb
UT,+001.2345 lb
UT,+001.2345 lb
UT,+001.2345 lb
UT,+001.2345 lb
UT,+001.2345 lb
UT,+001.2345 lb
US,+00000000 PC
US,+00000000 PC
US,+00000000 PC
US,+00000000 PC
US,+00000000 PC
US,+00000000 PC
US,+00000000 PC
US,+00000000 PC
US,+00000000 PC
US,+00000000 PC
US,+00000000 PC
US,+00000000 PC
US,+00000000 PC
US,+00000000 PC
US,+000000.0  %
US,+000000.0  %
US,+000000.0  %
US,+000000.0  %
US,+000000.0  %
US,+000000.0  %
US,+000000.0  %
US,+000000.0  %
US,+000000.0  %
US,+000000.0  %
US,+0000.000 oz
US,+0000.000 oz
US,+0000.000 oz
US,+0000.000 oz
US,+0000.000 oz
US,+0000.001 oz
US,+0000.001 oz
US,+0000.002 oz
US,+0000.002 oz
US,+0000.002 oz
US,+000.0002 lb
US,+000.0002 lb
US,+000.0004 lb
US,+000.0002 lb
US,+000.0001 lb
US,+000.0000 lb
US,+000.0000 lb
US,+000.0000 lb
US,+000.0000 lb
US,+000.0000 lb
US,+0000.001ozt
US,+0000.001ozt
US,+0000.000ozt
US,+0000.000ozt
US,+0000.000ozt
US,+0000.000ozt
US,+0000.000ozt
US,+0000.000ozt
US,+0000.000ozt
US,+0000.000ozt
US,+0000.000ozt
US,+0000.000ozt
US,+0000.000ozt
US,+0000.000ozt
ST,+0000.000ozt
ST,+0000.000ozt
ST,+0000.000ozt
ST,+0000.000ozt
ST,+0000.000ozt
ST,-00000.10 ct
ST,-00000.05 ct
ST,-00000.05 ct
ST,-00000.10 ct
ST,-00000.10 ct
ST,-00000.10 ct
ST,-00000.05 ct
US,+00000.00 ct
US,+00000.05 ct
US,+0000.005mom
US,+0000.005mom
US,+0000.005mom
US,+0000.010mom
US,+0000.010mom
US,+0000.010mom
US,+0000.015mom
US,+0000.015mom
US,+0000.015mom
US,+00000.03dwt
ST,+00000.03dwt
ST,+00000.03dwt
ST,+00000.03dwt
ST,+00000.03dwt
ST,+00000.03dwt
ST,+00000.03dwt
ST,+00000.02dwt
ST,+00000.02dwt
ST,+00000.02dwt
US,+00000.02dwt
US,+00000.02dwt
US,+000000.6 GN
US,+000000.4 GN
US,+000000.2 GN
US,+000000.2 GN
US,-000003.4 GN
US,-000004.4 GN
US,-000003.0 GN
US,-000002.0 GN
US,-000001.4 GN
US,-000001.2 GN
US,-000.0015 tl
US,-000.0015 tl
US,-000.0015 tl
US,-000.0020 tl
US,-000.0020 tl
US,-000.0020 tl
US,-000.0015 tl
US,-000.0015 tl
US,-000.0015 tl
US,-000.0015 tl
US,-00000.06  g
US,-00000.05  g
US,-00000.05  g
US,-00000.04  g
US,-00000.04  g
US,-00000.03  g
US,-00000.03  g
US,-00000.03  g
US,-00000.02  g
US,+00000.00  g
US,+00000.01  g
US,+00000.03  g
US,+00000.04  g
US,+00000.00  g
US,+00000.01  g
US,+00000.08  g
US,+00000.12  g
US,+00000.13  g
US,+00000.14  g
US,+00000.15  g
US,+00004.62  g
US,+00024.40  g
US,+00034.25  g
US,+00034.51  g
US,+00034.52  g
US,+00034.55  g
US,+00034.52  g
US,+00034.52  g
US,+00034.54  g
US,+00034.55  g
US,+00034.55  g
US,+00034.54  g
US,+00034.52  g
US,+00034.52  g
US,+00034.51  g
US,+00034.50  g
US,+00034.51  g
US,+00034.51  g
US,+00034.43  g
US,+00034.54  g
US,+00034.51  g
US,+00034.45  g
US,+00034.42  g
US,+00034.42  g
US,+00034.42  g
US,+00034.41  g
US,+00034.40  g
US,+00034.41  g
US,+00034.40  g
US,+00034.41  g
US,+00034.79  g
US,+00035.12  g
US,+00036.70  g
US,+00040.84  g
US,+00052.30  g
US,+00068.42  g
US,+00074.22  g
US,+00062.29  g
US,+00032.43  g
US,+00003.85  g
US,+00000.05  g
US,-00000.02  g
US,-00000.05  g
US,-00000.06  g
US,-00000.06  g
US,-00000.05  g
US,-00000.04  g
US,-00000.03  g
US,-00000.01  g
US,+00000.38  g
US,+00000.42  g
US,+00000.38  g
US,+00000.35  g
US,+00000.33  g
US,+00000.34  g
US,+00000.36  g
US,+00000.35  g
US,+00000.32  g
US,+00000.31  g
US,+00000.31  g
US,+00000.31  g
US,+00000.33  g
US,+00000.34  g
US,+00000.34  g
US,+00000.16  g
US,+00000.02  g
US,-00000.01  g
US,+00000.00  g
US,+00000.02  g
US,+00000.06  g
US,+00000.08  g
US,+00000.09  g
US,+00000.10  g
US,+00000.10  g
US,+00000.10  g
US,+00000.11  g
US,+00000.11  g
US,+00000.11  g
US,+00000.11  g
US,+00000.10  g
ST,+00000.00  g
ST,+00000.00  g
US,+00000.24  g
US,+00000.01  g
US,-00000.09  g
US,-00000.08  g
US,-00000.09  g
US,-00000.09  g
US,-00000.10  g
US,-00000.10  g
US,-00000.10  g
US,-00000.11  g
US,-00000.11  g
US,-00000.13  g
US,-00000.15  g
US,-00000.22  g
US,-00000.01  g
US,+00000.21  g
US,+00000.28  g
US,+00000.22  g
US,+00000.16  g
US,+00000.14  g
US,+00000.13  g
US,+00000.12  g
US,+00000000 PC
US,+00000000 PC
US,+00000000 PC
US,+00000000 PC
US,+00000000 PC
US,+00000000 PC
US,+00000000 PC
US,+00000000 PC
US,+00000000 PC
US,+00000000 PC
US,+00000000 PC
US,+00000000 PC
US,+00000000 PC
US,+00000000 PC
US,+00000000 PC
US,+00000000 PC
US,+000000.0  %
US,+000000.0  %
US,+000000.0  %
US,+000000.0  %
US,+000000.0  %
US,+000000.0  %
US,+000000.0  %
US,+000000.0  %
US,+000000.0  %
US,+000000.0  %
US,+000000.0  %
US,+000000.0  %
US,+000000.0  %
US,+000000.0  %
US,+000000.0  %
US,+000000.0  %
US,+0000.002 oz
ST,+0000.001 oz
US,+0000.001 oz
US,+0000.001 oz
US,+0000.001 oz
US,+0000.000 oz
US,+0000.000 oz
US,+0000.001 oz
US,+0000.001 oz
US,+0000.001 oz
US,-0000.003 oz
US,-0000.007 oz
US,-0000.005 oz
US,-0000.003 oz
US,-0000.002 oz
US,-0000.001 oz
US,+0000.000 oz
US,+0000.000 oz
US,+0000.000 oz
US,+0000.000 oz
US,+0000.001 oz
US,+0000.001 oz
US,+0000.001 oz
US,+0000.001 oz
ST,+0000.000 oz
ST,+0000.000 oz
US,+000.0000 lb
US,+000.0000 lb
US,+000.0000 lb
US,+000.0000 lb
US,+000.0000 lb
US,+000.0000 lb
US,+000.0000 lb
ST,+000.0000 lb
ST,+000.0000 lb
ST,+000.0000 lb
ST,+000.0000 lb
ST,+000.0000 lb
ST,+000.0000 lb
US,+000.0000 lb
US,+000.0000 lb
US,+000.0000 lb
US,-000.0001 lb
US,-000.0001 lb
US,-000.0001 lb
US,-000.0001 lb
US,-000.0001 lb
US,-000.0001 lb
US,-0000.002ozt
US,-0000.002ozt
US,-0000.002ozt
US,-0000.002ozt
ST,-0000.002ozt
ST,-0000.002ozt
ST,-0000.002ozt
ST,-0000.002ozt
ST,-0000.002ozt
ST,-0000.002ozt
US,-0000.001ozt
US,-0000.001ozt
US,+0000.000ozt
US,+0000.000ozt
US,+0000.007ozt
US,+0000.003ozt
US,+0000.003ozt
US,+0000.002ozt
US,+0000.001ozt
US,+0000.000ozt
US,+0000.000ozt
US,+00000.00 ct
US,+00000.00 ct
US,-00000.05 ct
US,-00000.10 ct
US,-00000.10 ct
US,-00000.15 ct
US,-00000.15 ct
US,-00000.20 ct
US,-00000.20 ct
US,-00000.20 ct
US,-00000.20 ct
US,-00000.25 ct
US,-00000.25 ct
US,-00000.30 ct
US,-00000.30 ct
US,-00000.35 ct
US,-00000.35 ct
US,-00000.35 ct
US,-0000.020mom
US,-0000.020mom
US,-0000.025mom
US,-0000.025mom
US,-0000.025mom
US,-0000.025mom
US,-0000.030mom
US,-0000.030mom
US,-0000.035mom
US,+0000.020mom
US,+0000.075mom
US,+0000.005mom
US,+0000.005mom
US,+0000.000mom
US,+0000.000mom
US,-0000.005mom
US,-00000.02dwt
US,-00000.01dwt
US,+00000.00dwt
US,+00000.01dwt
US,+00000.01dwt
US,+00000.01dwt
US,+00000.02dwt
US,+00000.02dwt
US,+00000.02dwt
US,+00000.02dwt
US,+00000.01dwt
US,+00000.01dwt
US,+000000.0 GN
US,+000000.0 GN
US,+000002.8 GN
US,+000005.0 GN
US,+000005.0 GN
US,+000004.6 GN
US,+000004.4 GN
US,+000004.2 GN
US,+000004.0 GN
US,+000004.2 GN
US,+000004.0 GN
US,+000004.0 GN
US,+000.0065 tl
US,+000.0065 tl
US,+000.0060 tl
US,+000.0055 tl
US,+000.0055 tl
US,+000.0055 tl
US,+000.0055 tl
US,+000.0050 tl
US,+000.0050 tl
US,+000.0045 tl
US,+000.0040 tl
US,+00000.15  g
US,+00000.13  g
US,+00000.12  g
US,+00000.11  g
US,+00000.10  g
US,+00000.08  g
US,+00000.07  g
US,+00000.06  g
US,+00000.04  g
US,+00000.03  g
US,+00000.02  g
US,+00000.01  g
US,+00000.01  g
US,+00000.01  g
US,+00000.00  g
US,-00000.01  g
US,-00000.01  g
US,-00000.02  g
US,-00000.03  g
US,-00000.04  g
US,-00000.05  g
US,-00000.05  g
US,-00000.05  g
US,-00000.05  g
US,-00000.05  g