ST,-00003.66  g
ST,-00003.67  g
US,-00003.68  g
ST,-00003.67  g
ST,-00003.67  g
ST,-00003.67  g
ST,-00003.67  g
ST,-00003.67  g
ST,-000003.7  g
ST,-000003.7  g
ST,-000003.7  g
ST,-000003.7  g
ST,-000003.7  g
ST,-000003.7  g
ST,-000003.7  g
ST,-000003.7  g
US,-00000367 PC
US,-00000367 PC
US,-00000367 PC
QT,-00000367 PC
QT,-00000367 PC
QT,-00000367 PC
ST,-00003.67  %
US,-00003.69  %
US,-00003.69  %
US,-00003.69  %
ST,-00003.70  %
ST,-00003.70  %
ST,-00003.69  %
US,-000.1300 oz
US,-000.1300 oz
US,-000.1300 oz
ST,-000.1300 oz
ST,-000.1300 oz
ST,-000.1300 oz
ST,-0000.130 oz
ST,-0000.130 oz
ST,-0000.130 oz
ST,-0000.130 oz
ST,-0000.130 oz
ST,-0000.130 oz
US,-00.00810 lb
US,-00.00810 lb
US,-00.00810 lb
ST,-00.00810 lb
ST,-00.00815 lb
ST,-00.00815 lb
ST,-000.0081 lb
ST,-000.0081 lb
ST,-000.0081 lb
ST,-000.0081 lb
ST,-000.0082 lb
US,-00000.13 oz
US,-00000.13 oz
US,-00000.13 oz
ST,-00000.13 oz
ST,-00000.13 oz
ST,-00000.13 oz
ST,-000000.1 oz
ST,-000000.1 oz
ST,-000000.1 oz
ST,-000000.1 oz
ST,-000000.1 oz
US,-000.1195ozt
US,-000.1195ozt
US,-000.1190ozt
ST,-000.1190ozt
ST,-000.1190ozt
ST,-0000.119ozt
ST,-0000.119ozt
ST,-0000.119ozt
ST,-0000.119ozt
ST,-0000.119ozt
US,-00018.50 ct
US,-00018.55 ct
US,-00018.55 ct
ST,-00018.50 ct
ST,-00018.50 ct
ST,-000018.5 ct
ST,-000018.5 ct
ST,-000018.5 ct
ST,-000018.5 ct
ST,-000018.5 ct
US,-0000.985mom
US,-0000.985mom
US,-0000.985mom
ST,-0000.985mom
ST,-00000.99mom
ST,-00000.99mom
ST,-00000.99mom
ST,-00000.99mom
ST,-00000.99mom
US,-00002.39dwt
US,-00002.39dwt
US,-00002.39dwt
ST,-00002.39dwt
ST,-00002.39dwt
ST,-000002.4dwt
ST,-000002.4dwt
ST,-000002.4dwt
ST,-000002.4dwt
ST,-000002.4dwt
US,-000057.4 GN
US,-000057.4 GN
US,-000057.4 GN
ST,-000057.4 GN
ST,-000057.4 GN
ST,-00000057 GN
ST,-00000057 GN
ST,-00000057 GN
ST,-00000057 GN
US,-0000.319tol
US,-0000.320tol
US,-0000.320tol
ST,-0000.320tol
ST,-0000.320tol
ST,-00000.32tol
ST,-00000.32tol
ST,-00000.32tol
ST,-00000.32tol
ST,-0000.320tol
ST,-0000.320tol
ST,-0000.320tol
ST,-0000.320tol
ST,-0000.320tol
ST,-00000.32tol
ST,-00000.32tol
ST,-00000.32tol
ST,-00000.32tol
ST,-00000.32tol
US,-0000.795mes
US,-0000.795mes
US,-0000.795mes
ST,-0000.800mes
ST,-0000.800mes
ST,-00000.80mes
ST,-00000.80mes
ST,-00000.80mes
ST,-00000.80mes
ST,-00000.80mes
US,-00003.73MLT
US,-00003.72MLT
US,-00003.72MLT
ST,-00003.72MLT
ST,-00003.73MLT
ST,-000003.7MLT
ST,-000003.7MLT
ST,-000003.7MLT
ST,-000003.7MLT
US,-00003.74  g
US,-00003.74  g
US,-00003.74  g
ST,-00003.74  g
ST,-00003.74  g
ST,-00003.74  g
ST,-00003.74  g
ST,-00003.74  g
ST,-00003.74  g
ST,-00003.74  g
ST,-00003.74  g
ST,-00003.