ST,-00006.07  g
ST,-00006.07  g
ST,-00006.07  g
QT,-00000607 PC
QT,-00000607 PC
ST,-00006.07  %
ST,-00006.07  %
US,-000.2140 oz
US,-000.2140 oz
US,-000.2140 oz
US,-00.01340 lb
US,-00.01340 lb
US,-00000.21 oz
US,-00000.21 oz
US,-000.1950ozt
US,-000.1950ozt
US,-000.1950ozt
US,-00030.30 ct
US,-00030.30 ct
US,-0001.615mom
US,-0001.615mom
US,-0001.615mom
US,-00003.90dwt
US,-00003.90dwt
US,-000093.6 GN
US,-000093.6 GN
US,-000093.8 GN
US,-0000.521tol
US,-0000.521tol
US,-0000.522tol
ST,-0000.521tol
ST,-0000.521tol
US,-0001.295mes
US,-0001.295mes
US,-0001.295mes
US,-00006.08MLT
US,-00006.07MLT
US,-00006.07MLT
ST,-00006.07  g
ST,-00006.07  g
ST,-00006.07  g
QT,-00000608 PC
US,-00000609 PC
ST,-00006.08  %
ST,-00006.08  %
ST,-00006.08  %
US,-000.2145 oz
US,-000.2145 oz
US,-000.2145 oz
US,-00.01340 lb
US,-00.01340 lb
US,-00.01340 lb
US,-00000.21 oz
US,-00000.21 oz
US,-00000.21 oz
US,-000.1960ozt
US,-000.1960ozt
US,-000.1960ozt
US,-00030.45 ct
US,-00030.45 ct
US,-00030.45 ct
US,-0001.625mom
US,-0001.625mom
US,-0001.625mom
US,-00003.92dwt
US,-00003.91dwt
US,-00003.91dwt
US,-000094.0 GN
US,-000094.0 GN
US,-000094.0 GN
US,-0000.522tol
US,-0000.522tol
US,-0000.522tol
ST,-0000.522tol
ST,-0000.522tol
US,-0001.300mes
US,-0001.300mes
US,-0001.300mes
US,-00006.08MLT
US,-00006.08MLT
US,-00006.08MLT
ST,-00006.08  g
ST,-00006.08  g
ST,-00006.09  g
ST,-00006.09  g
ST,-00006.09  g
ST,-00006.09  g
ST,-000006.1  g
ST,-000006.1  g
ST,-000006.1  g
ST,-000006.1  g
ST,-000006.1  g
ST,-000006.1  g
ST,-000006.1  g
ST,-000006.1  g
QT,-00000609 PC
QT,-00000609 PC
QT,-00000609 PC
QT,-00000609 PC
QT,-00000609 PC
QT,-00000609 PC
QT,-00000609 PC
ST,-00006.09  %
ST,-00006.09  %
ST,-00006.09  %
ST,-00006.09  %
ST,-00006.09  %
ST,-00006.09  %
US,-000.2150 oz
US,-000.2150 oz
US,-000.2150 oz
ST,-000.2155 oz
ST,-000.2155 oz
ST,-000.2155 oz
ST,-0000.215 oz
ST,-0000.215 oz
ST,-0000.215 oz
ST,-0000.215 oz
ST,-0000.215 oz
US,-00.01345 lb
US,-00.01345 lb
US,-00.01345 lb
ST,-00.01345 lb
ST,-00.01345 lb
ST,-000.0135 lb
ST,-000.0135 lb
ST,-000.0135 lb
ST,-000.0135 lb
ST,-000.0135 lb
ST,-000.0135 lb
US,-00000.22 oz
US,-00000.22 oz
US,-00000.22 oz
ST,-00000.22 oz
ST,-00000.22 oz
ST,-000000.2 oz
ST,-000000.2 oz
ST,-000000.2 oz
ST,-000000.2 oz
ST,-000000.2 oz
ST,-000000.2 oz
US,-000.1965ozt
US,-000.1965ozt
US,-000.1965ozt
ST,-000.1965ozt
ST,-000.1960ozt
ST,-0000.196ozt
ST,-0000.196ozt
ST,-0000.196ozt
ST,-0000.196ozt
ST,-0000.196ozt
US,-00030.50 ct
US,-00030.50 ct
US,-00030.50 ct
ST,-00030.50 ct
ST,-00030.50 ct
ST,-000030.5 ct
ST,-000030.5 ct
ST,-000030.5 ct
ST,-000030.5 ct
ST,-000030.5 ct
US,-0001.630mom
US,-0001.630mom
US,-0001.630mom
ST,-0001.630mom
ST,-0001.630mom
ST,-0001.630mom
ST,-00001.63mom
ST,-00001.63mom
ST,-00001.63mom
ST,-00001.63mom
US,-00003.93dwt
US,-00003.93dwt
US,-00003.93dwt
ST,-00003.93dwt
ST,-00003.93dwt
ST,-00003.93dwt
ST,-000003.9dwt
ST,-000003.9dwt
ST,-000003.9dwt
ST,-000003.9dwt
ST,-000003.9dwt
US,-000094.4 GN
US,-000094.4 GN
US,-000094.4 GN
ST,-000094.4 GN
ST,-000094.4 GN
ST,-00000094 GN
ST,-00000094 GN
ST,-00000094 GN
ST,-00000094 GN
US,-0000.524tol
US,-0000.524tol
US,-0000.524tol
ST,-0000.524tol
ST,-0000.524tol
ST,-00000.52tol
ST,-00000.53tol
ST,-00000.53tol
ST,-00000.53tol
ST,-00000.53tol
ST,-00000.53tol
US,-0000.525tol
US,-0000.525tol
US,-0000.525tol
ST,-0000.525tol
ST,-0000.525tol
ST,-00000.52tol
ST,-00000.53tol
ST,-00000.53tol
ST,-00000.53tol
US,-0001.305mes
US,-0001.305mes
US,-0001.305mes
ST,-0001.305mes
ST,-0001.305mes
ST,-0001.305mes
ST,-00001.31mes
ST,-00001.31mes
ST,-00001.31mes
ST,-00001.31mes
US,-00006.13MLT
US,-00006.13MLT
US,-00006.13MLT
ST,-00006.13MLT
ST,-00006.13MLT
ST,-000006.1MLT
ST,-000006.1MLT
ST,-000006.1MLT
ST,-000006.1MLT
ST,-000006.1MLT
